[debug] [2021-01-16T00:47:38.754Z] ----------------------------------------------------------------------
[debug] [2021-01-16T00:47:38.756Z] Command:       C:\Program Files\nodejs\node.exe C:\Users\emmix\AppData\Roaming\npm\node_modules\firebase-tools\lib\bin\firebase.js init hosting
[debug] [2021-01-16T00:47:38.756Z] CLI Version:   9.2.1
[debug] [2021-01-16T00:47:38.756Z] Platform:      win32
[debug] [2021-01-16T00:47:38.756Z] Node Version:  v10.15.3
[debug] [2021-01-16T00:47:38.757Z] Time:          Fri Jan 15 2021 16:47:38 GMT-0800 (Pacific Standard Time)
[debug] [2021-01-16T00:47:38.757Z] ----------------------------------------------------------------------
[debug] [2021-01-16T00:47:38.757Z] 
[debug] [2021-01-16T00:47:38.763Z] > command requires scopes: ["email","openid","https://www.googleapis.com/auth/cloudplatformprojects.readonly","https://www.googleapis.com/auth/firebase","https://www.googleapis.com/auth/cloud-platform"]
[debug] [2021-01-16T00:47:38.764Z] > authorizing via signed-in user
[info] 
     ######## #### ########  ######## ########     ###     ######  ########
     ##        ##  ##     ## ##       ##     ##  ##   ##  ##       ##
     ######    ##  ########  ######   ########  #########  ######  ######
     ##        ##  ##    ##  ##       ##     ## ##     ##       ## ##
     ##       #### ##     ## ######## ########  ##     ##  ######  ########

You're about to initialize a Firebase project in this directory:

  D:\UCSD\Career stuff\White Elephant\white-eleplant

[info] 
=== Project Setup
[info] 
[info] First, let's associate this project directory with a Firebase project.
[info] You can create multiple project aliases by running firebase use --add, 
[info] but for now we'll just set up a default project.
[info] 
[debug] [2021-01-16T00:47:43.871Z] >>> [apiv2][query] GET https://firebase.googleapis.com/v1beta1/projects pageSize=100
[debug] [2021-01-16T00:47:44.268Z] <<< [apiv2][status] GET https://firebase.googleapis.com/v1beta1/projects 200
[debug] [2021-01-16T00:47:44.268Z] <<< [apiv2][body] GET https://firebase.googleapis.com/v1beta1/projects [omitted]
[info] i  Using project white-elephant-9ca35 (white-elephant) 
[info] 
=== Hosting Setup
[info] 
[info] Your public directory is the folder (relative to your project directory) that
[info] will contain Hosting assets to be uploaded with firebase deploy. If you
[info] have a build process for your assets, use your build's output directory.
[info] 
